2018-06-04 17:26:39,181 INFO [main] k.a.h.c.HelloSpringBootApplication [StartupInfoLogger.java:48] Starting HelloSpringBootApplication on LAPTOP-19HLRK97 with PID 15076 (C:\Users\sycho\Desktop\WebFrameWork2\dev\workspace\helloSpringBoot\target\classes started by sycho in C:\Users\sycho\Desktop\WebFrameWork2\dev\workspace\helloSpringBoot)
2018-06-04 17:26:39,185 DEBUG [main] k.a.h.c.HelloSpringBootApplication [StartupInfoLogger.java:51] Running with Spring Boot v1.5.13.RELEASE, Spring v4.3.17.RELEASE
2018-06-04 17:26:39,185 INFO [main] k.a.h.c.HelloSpringBootApplication [SpringApplication.java:593] No active profile set, falling back to default profiles: default
2018-06-04 17:26:39,322 INFO [background-preinit] o.h.v.i.u.Version [Version.java:30] HV000001: Hibernate Validator 5.3.6.Final
2018-06-04 17:26:39,348 INFO [main] o.s.b.c.e.AnnotationConfigEmbeddedWebApplicationContext [AbstractApplicationContext.java:583] Refreshing org.springframework.boot.context.embedded.AnnotationConfigEmbeddedWebApplicationContext@b62fe6d: startup date [Mon Jun 04 17:26:39 KST 2018]; root of context hierarchy
2018-06-04 17:26:40,169 INFO [main] o.s.b.c.e.t.TomcatEmbeddedServletContainer [TomcatEmbeddedServletContainer.java:92] Tomcat initialized with port(s): 9000 (http)
2018-06-04 17:26:40,183 INFO [main] o.a.c.h.Http11NioProtocol [DirectJDKLog.java:180] Initializing ProtocolHandler ["http-nio-9000"]
2018-06-04 17:26:40,191 INFO [main] o.a.c.c.StandardService [DirectJDKLog.java:180] Starting service [Tomcat]
2018-06-04 17:26:40,191 INFO [main] o.a.c.c.StandardEngine [DirectJDKLog.java:180] Starting Servlet Engine: Apache Tomcat/8.5.31
2018-06-04 17:26:40,292 INFO [localhost-startStop-1] o.a.c.c.C.[.[.[/] [DirectJDKLog.java:180] Initializing Spring embedded WebApplicationContext
2018-06-04 17:26:40,293 INFO [localhost-startStop-1] o.s.w.c.ContextLoader [EmbeddedWebApplicationContext.java:276] Root WebApplicationContext: initialization completed in 946 ms
2018-06-04 17:26:40,443 INFO [localhost-startStop-1] o.s.b.w.s.FilterRegistrationBean [AbstractFilterRegistrationBean.java:258] Mapping filter: 'characterEncodingFilter' to: [/*]
2018-06-04 17:26:40,443 INFO [localhost-startStop-1] o.s.b.w.s.FilterRegistrationBean [AbstractFilterRegistrationBean.java:258] Mapping filter: 'hiddenHttpMethodFilter' to: [/*]
2018-06-04 17:26:40,444 INFO [localhost-startStop-1] o.s.b.w.s.FilterRegistrationBean [AbstractFilterRegistrationBean.java:258] Mapping filter: 'httpPutFormContentFilter' to: [/*]
2018-06-04 17:26:40,444 INFO [localhost-startStop-1] o.s.b.w.s.FilterRegistrationBean [AbstractFilterRegistrationBean.java:258] Mapping filter: 'requestContextFilter' to: [/*]
2018-06-04 17:26:40,445 INFO [localhost-startStop-1] o.s.b.w.s.DelegatingFilterProxyRegistrationBean [AbstractFilterRegistrationBean.java:258] Mapping filter: 'springSecurityFilterChain' to: [/*]
2018-06-04 17:26:40,445 INFO [localhost-startStop-1] o.s.b.w.s.ServletRegistrationBean [ServletRegistrationBean.java:190] Mapping servlet: 'dispatcherServlet' to [/]
2018-06-04 17:26:40,580 INFO [main] o.s.b.a.s.AuthenticationManagerConfiguration [AuthenticationManagerConfiguration.java:173] 

Using default security password: 96413010-4298-45c7-91eb-8e662d1309aa

2018-06-04 17:26:40,653 INFO [main] o.s.s.w.DefaultSecurityFilterChain [DefaultSecurityFilterChain.java:43] Creating filter chain: org.springframework.security.web.util.matcher.AnyRequestMatcher@1, [org.springframework.security.web.context.request.async.WebAsyncManagerIntegrationFilter@51e37590, org.springframework.security.web.context.SecurityContextPersistenceFilter@99a65d3, org.springframework.security.web.header.HeaderWriterFilter@6a9287b1, org.springframework.security.web.authentication.logout.LogoutFilter@779dfe55, org.springframework.security.web.savedrequest.RequestCacheAwareFilter@42cc13a0, org.springframework.security.web.servletapi.SecurityContextHolderAwareRequestFilter@4fcc529, org.springframework.security.web.authentication.AnonymousAuthenticationFilter@deb3b60, org.springframework.security.web.session.SessionManagementFilter@31611954, org.springframework.security.web.access.ExceptionTranslationFilter@76adb233, org.springframework.security.web.access.intercept.FilterSecurityInterceptor@497570fb]
2018-06-04 17:26:40,804 INFO [main] o.s.w.s.m.m.a.RequestMappingHandlerAdapter [RequestMappingHandlerAdapter.java:534] Looking for @ControllerAdvice: org.springframework.boot.context.embedded.AnnotationConfigEmbeddedWebApplicationContext@b62fe6d: startup date [Mon Jun 04 17:26:39 KST 2018]; root of context hierarchy
2018-06-04 17:26:40,841 INFO [main] o.s.w.s.m.m.a.RequestMappingHandlerMapping [AbstractHandlerMethodMapping.java:543] Mapped "{[/],methods=[GET]}" onto public java.lang.String kr.ac.hansung.cse.controller.HomeController.home(org.springframework.ui.Model)
2018-06-04 17:26:40,843 INFO [main] o.s.w.s.m.m.a.RequestMappingHandlerMapping [AbstractHandlerMethodMapping.java:543] Mapped "{[/error]}" onto public org.springframework.http.ResponseEntity<java.util.Map<java.lang.String, java.lang.Object>> org.springframework.boot.autoconfigure.web.BasicErrorController.error(javax.servlet.http.HttpServletRequest)
2018-06-04 17:26:40,843 INFO [main] o.s.w.s.m.m.a.RequestMappingHandlerMapping [AbstractHandlerMethodMapping.java:543] Mapped "{[/error],produces=[text/html]}" onto public org.springframework.web.servlet.ModelAndView org.springframework.boot.autoconfigure.web.BasicErrorController.errorHtml(javax.servlet.http.HttpServletRequest,javax.servlet.http.HttpServletResponse)
2018-06-04 17:26:40,863 INFO [main] o.s.w.s.h.SimpleUrlHandlerMapping [AbstractUrlHandlerMapping.java:362] Mapped URL path [/webjars/**] onto handler of type [class org.springframework.web.servlet.resource.ResourceHttpRequestHandler]
2018-06-04 17:26:40,864 INFO [main] o.s.w.s.h.SimpleUrlHandlerMapping [AbstractUrlHandlerMapping.java:362] Mapped URL path [/**] onto handler of type [class org.springframework.web.servlet.resource.ResourceHttpRequestHandler]
2018-06-04 17:26:40,889 INFO [main] o.s.w.s.h.SimpleUrlHandlerMapping [AbstractUrlHandlerMapping.java:362] Mapped URL path [/**/favicon.ico] onto handler of type [class org.springframework.web.servlet.resource.ResourceHttpRequestHandler]
2018-06-04 17:26:41,154 INFO [main] o.s.j.e.a.AnnotationMBeanExporter [MBeanExporter.java:431] Registering beans for JMX exposure on startup
2018-06-04 17:26:41,162 INFO [main] o.a.c.h.Http11NioProtocol [DirectJDKLog.java:180] Starting ProtocolHandler ["http-nio-9000"]
2018-06-04 17:26:41,170 INFO [main] o.a.t.u.n.NioSelectorPool [DirectJDKLog.java:180] Using a shared selector for servlet write/read
2018-06-04 17:26:41,178 INFO [main] o.s.b.c.e.t.TomcatEmbeddedServletContainer [TomcatEmbeddedServletContainer.java:216] Tomcat started on port(s): 9000 (http)
2018-06-04 17:26:41,181 INFO [main] k.a.h.c.HelloSpringBootApplication [StartupInfoLogger.java:57] Started HelloSpringBootApplication in 2.171 seconds (JVM running for 2.956)
2018-06-04 17:26:48,647 INFO [http-nio-9000-exec-2] o.a.c.c.C.[.[.[/] [DirectJDKLog.java:180] Initializing Spring FrameworkServlet 'dispatcherServlet'
2018-06-04 17:26:48,647 INFO [http-nio-9000-exec-2] o.s.w.s.DispatcherServlet [FrameworkServlet.java:489] FrameworkServlet 'dispatcherServlet': initialization started
2018-06-04 17:26:48,662 INFO [http-nio-9000-exec-2] o.s.w.s.DispatcherServlet [FrameworkServlet.java:508] FrameworkServlet 'dispatcherServlet': initialization completed in 14 ms
2018-06-04 17:26:48,688 DEBUG [http-nio-9000-exec-2] k.a.h.c.c.HomeController [HomeController.java:19] Calling home()
2018-06-04 17:26:48,700 INFO [http-nio-9000-exec-2] o.t.TemplateEngine [TemplateEngine.java:825] [THYMELEAF] INITIALIZING TEMPLATE ENGINE
2018-06-04 17:26:48,722 INFO [http-nio-9000-exec-2] o.t.t.AbstractTemplateResolver [AbstractTemplateResolver.java:99] [THYMELEAF] INITIALIZING TEMPLATE RESOLVER: org.thymeleaf.spring4.templateresolver.SpringResourceTemplateResolver
2018-06-04 17:26:48,722 INFO [http-nio-9000-exec-2] o.t.t.AbstractTemplateResolver [AbstractTemplateResolver.java:110] [THYMELEAF] TEMPLATE RESOLVER INITIALIZED OK
2018-06-04 17:26:48,722 INFO [http-nio-9000-exec-2] o.t.m.AbstractMessageResolver [AbstractMessageResolver.java:72] [THYMELEAF] INITIALIZING MESSAGE RESOLVER: org.thymeleaf.spring4.messageresolver.SpringMessageResolver
2018-06-04 17:26:48,722 INFO [http-nio-9000-exec-2] o.t.m.AbstractMessageResolver [AbstractMessageResolver.java:78] [THYMELEAF] MESSAGE RESOLVER INITIALIZED OK
2018-06-04 17:26:48,725 INFO [http-nio-9000-exec-2] o.t.T.CONFIG [ConfigurationPrinterHelper.java:123] [THYMELEAF] TEMPLATE ENGINE CONFIGURATION:
[THYMELEAF] * Cache Factory implementation: org.thymeleaf.cache.StandardCacheManager
[THYMELEAF] * Template modes:
[THYMELEAF]     * XHTML
[THYMELEAF]     * VALIDXML
[THYMELEAF]     * XML
[THYMELEAF]     * HTML5
[THYMELEAF]     * VALIDXHTML
[THYMELEAF]     * LEGACYHTML5
[THYMELEAF] * Template resolvers (in order):
[THYMELEAF]     * org.thymeleaf.spring4.templateresolver.SpringResourceTemplateResolver
[THYMELEAF] * Message resolvers (in order):
[THYMELEAF]     * org.thymeleaf.spring4.messageresolver.SpringMessageResolver
[THYMELEAF] * Dialect [1 of 2]: org.thymeleaf.spring4.dialect.SpringStandardDialect
[THYMELEAF]     * Prefix: "th"
[THYMELEAF] * Dialect [2 of 2]: nz.net.ultraq.thymeleaf.LayoutDialect
[THYMELEAF]     * Prefix: "layout"
[THYMELEAF] TEMPLATE ENGINE CONFIGURED OK
2018-06-04 17:26:48,726 INFO [http-nio-9000-exec-2] o.t.TemplateEngine [TemplateEngine.java:838] [THYMELEAF] TEMPLATE ENGINE INITIALIZED
2018-06-04 17:36:55,829 INFO [RMI TCP Connection(2)-127.0.0.1] o.s.b.a.SpringApplicationAdminMXBeanRegistrar$SpringApplicationAdmin [SpringApplicationAdminMXBeanRegistrar.java:125] Application shutdown requested.
2018-06-04 17:36:55,830 INFO [RMI TCP Connection(2)-127.0.0.1] o.s.b.c.e.AnnotationConfigEmbeddedWebApplicationContext [AbstractApplicationContext.java:984] Closing org.springframework.boot.context.embedded.AnnotationConfigEmbeddedWebApplicationContext@b62fe6d: startup date [Mon Jun 04 17:26:39 KST 2018]; root of context hierarchy
2018-06-04 17:36:55,832 INFO [RMI TCP Connection(2)-127.0.0.1] o.s.j.e.a.AnnotationMBeanExporter [MBeanExporter.java:449] Unregistering JMX-exposed beans on shutdown
